<?xml version="1.0" encoding="UTF-8"?>
<!-- Generated by org.testng.reporters.JUnitReportReporter -->
<testsuite hostname="DESKTOP-J54FGNH" failures="0" tests="1" name="demo.Test1" time="0.000" errors="0" timestamp="2023-11-01T13:11:48 WAT" skipped="1">
  <testcase classname="demo.Test1" name="test1" time="0.000">
    <skipped/>
  </testcase> <!-- test1 -->
</testsuite> <!-- demo.Test1 -->
