<?xml version="1.0" encoding="UTF-8"?>
<!-- Generated by org.testng.reporters.JUnitReportReporter -->
<testsuite hostname="DESKTOP-J54FGNH" failures="0" tests="3" name="demo.TestNGRetryfailedDemo" time="0.000" errors="0" timestamp="2023-11-01T13:11:48 WAT" skipped="3">
  <testcase classname="demo.TestNGRetryfailedDemo" name="test1" time="0.000">
    <skipped/>
  </testcase> <!-- test1 -->
  <testcase classname="demo.TestNGRetryfailedDemo" name="test3" time="0.000">
    <skipped/>
  </testcase> <!-- test3 -->
  <testcase classname="demo.TestNGRetryfailedDemo" name="test2" time="0.000">
    <skipped/>
  </testcase> <!-- test2 -->
</testsuite> <!-- demo.TestNGRetryfailedDemo -->
