<?xml version="1.0" encoding="UTF-8"?>
<!-- Generated by org.testng.reporters.JUnitReportReporter -->
<testsuite hostname="DESKTOP-J54FGNH" failures="0" tests="1" name="demo.TestNGParametersDemo" time="0.001" errors="0" timestamp="2023-11-01T13:11:48 WAT" skipped="1">
  <testcase classname="demo.TestNGParametersDemo" name="test" time="0.001">
    <skipped/>
  </testcase> <!-- test -->
</testsuite> <!-- demo.TestNGParametersDemo -->
