<?xml version="1.0" encoding="UTF-8"?>
<!-- Generated by org.testng.reporters.JUnitReportReporter -->
<testsuite hostname="DESKTOP-J54FGNH" failures="0" tests="4" name="demo.TestNGGroupsDemo" time="0.000" errors="0" timestamp="2023-11-01T13:11:48 WAT" skipped="4">
  <testcase classname="demo.TestNGGroupsDemo" name="test1" time="0.000">
    <skipped/>
  </testcase> <!-- test1 -->
  <testcase classname="demo.TestNGGroupsDemo" name="test4" time="0.000">
    <skipped/>
  </testcase> <!-- test4 -->
  <testcase classname="demo.TestNGGroupsDemo" name="test2" time="0.000">
    <skipped/>
  </testcase> <!-- test2 -->
  <testcase classname="demo.TestNGGroupsDemo" name="test3" time="0.000">
    <skipped/>
  </testcase> <!-- test3 -->
</testsuite> <!-- demo.TestNGGroupsDemo -->
