<?xml version="1.0" encoding="UTF-8"?>
<!-- Generated by org.testng.reporters.JUnitReportReporter -->
<testsuite hostname="DESKTOP-J54FGNH" failures="0" tests="3" name="listeners.TestNGListenerDemo2" time="0.000" errors="0" timestamp="2023-11-01T13:11:48 WAT" skipped="3">
  <testcase classname="listeners.TestNGListenerDemo2" name="test4" time="0.000">
    <skipped/>
  </testcase> <!-- test4 -->
  <testcase classname="listeners.TestNGListenerDemo2" name="test5" time="0.000">
    <skipped/>
  </testcase> <!-- test5 -->
  <testcase classname="listeners.TestNGListenerDemo2" name="test6" time="0.000">
    <skipped/>
  </testcase> <!-- test6 -->
</testsuite> <!-- listeners.TestNGListenerDemo2 -->
