<?xml version="1.0" encoding="UTF-8"?>
<!-- Generated by org.testng.reporters.JUnitReportReporter -->
<testsuite hostname="DESKTOP-J54FGNH" failures="0" tests="2" name="demo.TestNGIgnoreDemo" time="0.000" errors="0" timestamp="2023-11-01T13:11:48 WAT" skipped="2">
  <testcase classname="demo.TestNGIgnoreDemo" name="test1" time="0.000">
    <skipped/>
  </testcase> <!-- test1 -->
  <testcase classname="demo.TestNGIgnoreDemo" name="test2" time="0.000">
    <skipped/>
  </testcase> <!-- test2 -->
</testsuite> <!-- demo.TestNGIgnoreDemo -->
