<?xml version="1.0" encoding="UTF-8"?>
<!-- Generated by org.testng.reporters.JUnitReportReporter -->
<testsuite hostname="DESKTOP-J54FGNH" failures="0" tests="3" name="demo.TestNGPrioritydemo" time="0.001" errors="0" timestamp="2023-11-01T13:11:48 WAT" skipped="3">
  <testcase classname="demo.TestNGPrioritydemo" name="one" time="0.001">
    <skipped/>
  </testcase> <!-- one -->
  <testcase classname="demo.TestNGPrioritydemo" name="two" time="0.000">
    <skipped/>
  </testcase> <!-- two -->
  <testcase classname="demo.TestNGPrioritydemo" name="three" time="0.000">
    <skipped/>
  </testcase> <!-- three -->
</testsuite> <!-- demo.TestNGPrioritydemo -->
