<?xml version="1.0" encoding="UTF-8"?>
<!-- Generated by org.testng.reporters.JUnitReportReporter -->
<testsuite hostname="DESKTOP-J54FGNH" failures="0" tests="1" name="demo.Test1" time="43.057" errors="0" timestamp="2023-11-01T12:54:38 WAT" skipped="0">
  <testcase classname="demo.Test1" name="test1" time="43.057"/>
</testsuite> <!-- demo.Test1 -->
