<?xml version="1.0" encoding="UTF-8"?>
<!-- Generated by org.testng.reporters.JUnitReportReporter -->
<testsuite hostname="DESKTOP-J54FGNH" failures="0" tests="3" name="demo.TestNGDependencyDemo" time="0.026" errors="0" timestamp="2023-10-30T22:44:44 WAT" skipped="0">
  <testcase classname="demo.TestNGDependencyDemo" name="test2" time="0.015"/>
  <testcase classname="demo.TestNGDependencyDemo" name="test3" time="0.007"/>
  <testcase classname="demo.TestNGDependencyDemo" name="test1" time="0.004"/>
</testsuite> <!-- demo.TestNGDependencyDemo -->
