<?xml version="1.0" encoding="UTF-8"?>
<!-- Generated by org.testng.reporters.JUnitReportReporter -->
<testsuite hostname="DESKTOP-J54FGNH" failures="0" tests="4" name="demo.TestNGGroupsDemo" time="0.022" errors="0" timestamp="2023-10-30T22:41:15 WAT" skipped="0">
  <testcase classname="demo.TestNGGroupsDemo" name="test2" time="0.003"/>
  <testcase classname="demo.TestNGGroupsDemo" name="test4" time="0.003"/>
  <testcase classname="demo.TestNGGroupsDemo" name="test3" time="0.003"/>
  <testcase classname="demo.TestNGGroupsDemo" name="test1" time="0.013"/>
</testsuite> <!-- demo.TestNGGroupsDemo -->
