<?xml version="1.0" encoding="UTF-8"?>
<!-- Generated by org.testng.reporters.JUnitReportReporter -->
<testsuite hostname="DESKTOP-J54FGNH" failures="0" tests="1" name="test.test1_GoogleSearch_TestNG" time="5.948" errors="0" timestamp="2023-10-28T22:34:23 WAT" skipped="0">
  <testcase classname="test.test1_GoogleSearch_TestNG" name="googleSearch" time="5.948"/>
</testsuite> <!-- test.test1_GoogleSearch_TestNG -->
