<?xml version="1.0" encoding="UTF-8"?>
<!-- Generated by org.testng.reporters.JUnitReportReporter -->
<testsuite hostname="DESKTOP-J54FGNH" failures="0" tests="3" name="listeners.TestNGListenerDemo" time="9.778" errors="0" timestamp="2023-10-29T20:18:59 WAT" skipped="1">
  <testcase classname="listeners.TestNGListenerDemo" name="test2" time="9.758"/>
  <testcase classname="listeners.TestNGListenerDemo" name="test3" time="0.004">
    <skipped/>
  </testcase> <!-- test3 -->
  <testcase classname="listeners.TestNGListenerDemo" name="test1" time="0.016"/>
</testsuite> <!-- listeners.TestNGListenerDemo -->
