<?xml version="1.0" encoding="UTF-8"?>
<!-- Generated by org.testng.reporters.JUnitReportReporter -->
<testsuite hostname="DESKTOP-J54FGNH" failures="0" tests="2" name="test.ExtentReportDemoWithTestNG" time="3.305" errors="0" timestamp="2023-10-25T22:35:48 WAT" skipped="0">
  <testcase classname="test.ExtentReportDemoWithTestNG" name="Test2" time="0.002"/>
  <testcase classname="test.ExtentReportDemoWithTestNG" name="Test1" time="3.303"/>
</testsuite> <!-- test.ExtentReportDemoWithTestNG -->
