<?xml version="1.0" encoding="UTF-8"?>
<!-- Generated by org.testng.reporters.JUnitReportReporter -->
<testsuite hostname="DESKTOP-J54FGNH" failures="0" tests="3" name="utils.ExcelDataProvider" time="10.048" errors="0" timestamp="2023-10-29T12:24:57 WAT" skipped="0">
  <testcase classname="utils.ExcelDataProvider" name="test1" time="4.638"/>
  <testcase classname="utils.ExcelDataProvider" name="test1" time="2.741"/>
  <testcase classname="utils.ExcelDataProvider" name="test1" time="2.669"/>
</testsuite> <!-- utils.ExcelDataProvider -->
