<?xml version="1.0" encoding="UTF-8"?>
<!-- Generated by org.testng.reporters.JUnitReportReporter -->
<testsuite hostname="DESKTOP-J54FGNH" failures="0" tests="3" name="demo.TestNGPrioritydemo" time="0.022" errors="0" timestamp="2023-10-29T21:00:09 WAT" skipped="0">
  <testcase classname="demo.TestNGPrioritydemo" name="one" time="0.016"/>
  <testcase classname="demo.TestNGPrioritydemo" name="three" time="0.002"/>
  <testcase classname="demo.TestNGPrioritydemo" name="two" time="0.004"/>
</testsuite> <!-- demo.TestNGPrioritydemo -->
