<?xml version="1.0" encoding="UTF-8"?>
<!-- Generated by org.testng.reporters.JUnitReportReporter -->
<testsuite hostname="DESKTOP-J54FGNH" failures="0" tests="1" name="demo.TestNGParametersDemo" time="0.014" errors="0" timestamp="2023-10-30T22:30:51 WAT" skipped="0">
  <testcase classname="demo.TestNGParametersDemo" name="test" time="0.014"/>
</testsuite> <!-- demo.TestNGParametersDemo -->
