<?xml version="1.0" encoding="UTF-8"?>
<!-- Generated by org.testng.reporters.JUnitReportReporter -->
<testsuite hostname="DESKTOP-J54FGNH" failures="0" tests="1" name="test.test1_GoogleSearch_TestNG2" time="14.160" errors="0" timestamp="2023-10-22T21:15:45 WAT" skipped="0">
  <testcase classname="test.test1_GoogleSearch_TestNG2" name="googleSearch3" time="14.160"/>
</testsuite> <!-- test.test1_GoogleSearch_TestNG2 -->
