<?xml version="1.0" encoding="UTF-8"?>
<!-- Generated by org.testng.reporters.JUnitReportReporter -->
<testsuite hostname="DESKTOP-J54FGNH" failures="0" tests="2" name="demo.TestNGIgnoreDemo" time="0.012" errors="0" timestamp="2023-10-30T22:48:57 WAT" skipped="1">
  <testcase classname="demo.TestNGIgnoreDemo" name="test2" time="0.012"/>
  <testcase classname="demo.TestNGIgnoreDemo" name="test1">
    <skipped/>
  </testcase> <!-- test1 -->
</testsuite> <!-- demo.TestNGIgnoreDemo -->
